<?xml version="1.0" encoding="UTF-8"?>
<testng-results skipped="0" failed="1" ignored="0" total="5" passed="4">
  <reporter-output>
  </reporter-output>
  <suite name="Suite" duration-ms="33545" started-at="2021-06-01T17:48:14 EDT" finished-at="2021-06-01T17:48:48 EDT">
    <groups>
    </groups>
    <test name="Validate Navigation Bar" duration-ms="27858" started-at="2021-06-01T17:48:14 EDT" finished-at="2021-06-01T17:48:42 EDT">
      <class name="E2EProject.ValidateNavigationBarTest">
        <test-method status="PASS" signature="intialize()[pri:0, instance:E2EProject.ValidateNavigationBarTest@4681c175]" name="intialize" is-config="true" duration-ms="27728" started-at="2021-06-01T17:48:14 EDT" finished-at="2021-06-01T17:48:42 EDT">
          <reporter-output>
          </reporter-output>
        </test-method> <!-- intialize -->
        <test-method status="PASS" signature="ValidateNavigationBar()[pri:0, instance:E2EProject.ValidateNavigationBarTest@4681c175]" name="ValidateNavigationBar" duration-ms="83" started-at="2021-06-01T17:48:42 EDT" finished-at="2021-06-01T17:48:42 EDT">
          <reporter-output>
          </reporter-output>
        </test-method> <!-- ValidateNavigationBar -->
        <test-method status="PASS" signature="closeBrowser()[pri:0, instance:E2EProject.ValidateNavigationBarTest@4681c175]" name="closeBrowser" is-config="true" duration-ms="44" started-at="2021-06-01T17:48:42 EDT" finished-at="2021-06-01T17:48:42 EDT">
          <reporter-output>
          </reporter-output>
        </test-method> <!-- closeBrowser -->
      </class> <!-- E2EProject.ValidateNavigationBarTest -->
    </test> <!-- Validate Navigation Bar -->
    <test name="validate application title" duration-ms="27726" started-at="2021-06-01T17:48:14 EDT" finished-at="2021-06-01T17:48:42 EDT">
      <class name="E2EProject.ValidateTitleTest">
        <test-method status="PASS" signature="intialize()[pri:0, instance:E2EProject.ValidateTitleTest@710c2b53]" name="intialize" is-config="true" duration-ms="27515" started-at="2021-06-01T17:48:14 EDT" finished-at="2021-06-01T17:48:42 EDT">
          <reporter-output>
          </reporter-output>
        </test-method> <!-- intialize -->
        <test-method status="PASS" signature="ValidateHeader()[pri:0, instance:E2EProject.ValidateTitleTest@710c2b53]" name="ValidateHeader" duration-ms="74" started-at="2021-06-01T17:48:42 EDT" finished-at="2021-06-01T17:48:42 EDT">
          <reporter-output>
          </reporter-output>
        </test-method> <!-- ValidateHeader -->
        <test-method status="PASS" signature="ValidateTitle()[pri:0, instance:E2EProject.ValidateTitleTest@710c2b53]" name="ValidateTitle" duration-ms="77" started-at="2021-06-01T17:48:42 EDT" finished-at="2021-06-01T17:48:42 EDT">
          <reporter-output>
          </reporter-output>
        </test-method> <!-- ValidateTitle -->
        <test-method status="PASS" signature="closeBrowser()[pri:0, instance:E2EProject.ValidateTitleTest@710c2b53]" name="closeBrowser" is-config="true" duration-ms="46" started-at="2021-06-01T17:48:42 EDT" finished-at="2021-06-01T17:48:42 EDT">
          <reporter-output>
          </reporter-output>
        </test-method> <!-- closeBrowser -->
      </class> <!-- E2EProject.ValidateTitleTest -->
    </test> <!-- validate application title -->
    <test name="Application Login test" duration-ms="33545" started-at="2021-06-01T17:48:14 EDT" finished-at="2021-06-01T17:48:48 EDT">
      <class name="E2EProject.LoginTest">
        <test-method status="PASS" signature="intialize()[pri:0, instance:E2EProject.LoginTest@795509d9]" name="intialize" is-config="true" duration-ms="1970" started-at="2021-06-01T17:48:14 EDT" finished-at="2021-06-01T17:48:16 EDT">
          <reporter-output>
          </reporter-output>
        </test-method> <!-- intialize -->
        <test-method status="FAIL" signature="LoginPage(java.lang.String,java.lang.String)[pri:0, instance:E2EProject.LoginTest@795509d9]" name="LoginPage" duration-ms="26797" started-at="2021-06-01T17:48:16 EDT" data-provider="loginData" finished-at="2021-06-01T17:48:43 EDT">
          <params>
            <param index="0">
              <value>
                <![CDATA[validuser@gmail.com]]>
              </value>
            </param>
            <param index="1">
              <value>
                <![CDATA[ValidUserPassword]]>
              </value>
            </param>
          </params>
          <exception class="org.openqa.selenium.ElementClickInterceptedException">
            <message>
              <![CDATA[element click intercepted: Element <a href="https://rahulshettyacademy.com/sign_in/">...</a> is not clickable at point (758, 16). Other element would receive the click: <div class="listbuilder-popup-content">...</div>
  (Session info: headless chrome=90.0.4430.212)
Build info: version: '3.141.59', revision: 'e82be7d358', time: '2018-11-14T08:17:03'
System info: host: 'DESKTOP-L89LVBP', ip: '192.168.0.16', os.name: 'Windows 10', os.arch: 'amd64', os.version: '10.0', java.version: '1.8.0_281'
Driver info: org.openqa.selenium.chrome.ChromeDriver
Capabilities {acceptInsecureCerts: false, browserName: chrome, browserVersion: 90.0.4430.212, chrome: {chromedriverVersion: 89.0.4389.23 (61b08ee2c5002..., userDataDir: C:\Users\pravi\AppData\Loca...}, goog:chromeOptions: {debuggerAddress: localhost:57745}, javascriptEnabled: true, networkConnectionEnabled: false, pageLoadStrategy: normal, platform: WINDOWS, platformName: WINDOWS, proxy: Proxy(), setWindowRect: true, strictFileInteractability: false, timeouts: {implicit: 0, pageLoad: 300000, script: 30000}, unhandledPromptBehavior: dismiss and notify, webauthn:extension:largeBlob: true, webauthn:virtualAuthenticators: true}
Session ID: 2fbae96f927a06473421ca02516edfa0]]>
            </message>
            <full-stacktrace>
              <![CDATA[org.openqa.selenium.ElementClickInterceptedException: element click intercepted: Element <a href="https://rahulshettyacademy.com/sign_in/">...</a> is not clickable at point (758, 16). Other element would receive the click: <div class="listbuilder-popup-content">...</div>
  (Session info: headless chrome=90.0.4430.212)
Build info: version: '3.141.59', revision: 'e82be7d358', time: '2018-11-14T08:17:03'
System info: host: 'DESKTOP-L89LVBP', ip: '192.168.0.16', os.name: 'Windows 10', os.arch: 'amd64', os.version: '10.0', java.version: '1.8.0_281'
Driver info: org.openqa.selenium.chrome.ChromeDriver
Capabilities {acceptInsecureCerts: false, browserName: chrome, browserVersion: 90.0.4430.212, chrome: {chromedriverVersion: 89.0.4389.23 (61b08ee2c5002..., userDataDir: C:\Users\pravi\AppData\Loca...}, goog:chromeOptions: {debuggerAddress: localhost:57745}, javascriptEnabled: true, networkConnectionEnabled: false, pageLoadStrategy: normal, platform: WINDOWS, platformName: WINDOWS, proxy: Proxy(), setWindowRect: true, strictFileInteractability: false, timeouts: {implicit: 0, pageLoad: 300000, script: 30000}, unhandledPromptBehavior: dismiss and notify, webauthn:extension:largeBlob: true, webauthn:virtualAuthenticators: true}
Session ID: 2fbae96f927a06473421ca02516edfa0
at sun.reflect.NativeConstructorAccessorImpl.newInstance0(Native Method)
at sun.reflect.NativeConstructorAccessorImpl.newInstance(NativeConstructorAccessorImpl.java:62)
at sun.reflect.DelegatingConstructorAccessorImpl.newInstance(DelegatingConstructorAccessorImpl.java:45)
at java.lang.reflect.Constructor.newInstance(Constructor.java:423)
at org.openqa.selenium.remote.http.W3CHttpResponseCodec.createException(W3CHttpResponseCodec.java:187)
at org.openqa.selenium.remote.http.W3CHttpResponseCodec.decode(W3CHttpResponseCodec.java:122)
at org.openqa.selenium.remote.http.W3CHttpResponseCodec.decode(W3CHttpResponseCodec.java:49)
at org.openqa.selenium.remote.HttpCommandExecutor.execute(HttpCommandExecutor.java:158)
at org.openqa.selenium.remote.service.DriverCommandExecutor.execute(DriverCommandExecutor.java:83)
at org.openqa.selenium.remote.RemoteWebDriver.execute(RemoteWebDriver.java:552)
at org.openqa.selenium.remote.RemoteWebElement.execute(RemoteWebElement.java:285)
at org.openqa.selenium.remote.RemoteWebElement.click(RemoteWebElement.java:84)
at pageObjects.LandingPage.getLogin(LandingPage.java:23)
at E2EProject.LoginTest.LoginPage(LoginTest.java:45)
at sun.reflect.NativeMethodAccessorImpl.invoke0(Native Method)
at sun.reflect.NativeMethodAccessorImpl.invoke(NativeMethodAccessorImpl.java:62)
at sun.reflect.DelegatingMethodAccessorImpl.invoke(DelegatingMethodAccessorImpl.java:43)
at java.lang.reflect.Method.invoke(Method.java:498)
at org.testng.internal.MethodInvocationHelper.invokeMethod(MethodInvocationHelper.java:133)
at org.testng.internal.TestInvoker.invokeMethod(TestInvoker.java:598)
at org.testng.internal.TestInvoker.invokeTestMethod(TestInvoker.java:173)
at org.testng.internal.MethodRunner.runInSequence(MethodRunner.java:46)
at org.testng.internal.TestInvoker$MethodInvocationAgent.invoke(TestInvoker.java:824)
at org.testng.internal.TestInvoker.invokeTestMethods(TestInvoker.java:146)
at org.testng.internal.TestMethodWorker.invokeTestMethods(TestMethodWorker.java:146)
at org.testng.internal.TestMethodWorker.run(TestMethodWorker.java:128)
at java.util.ArrayList.forEach(ArrayList.java:1259)
at org.testng.TestRunner.privateRun(TestRunner.java:794)
at org.testng.TestRunner.run(TestRunner.java:596)
at org.testng.SuiteRunner.runTest(SuiteRunner.java:377)
at org.testng.SuiteRunner.access$000(SuiteRunner.java:28)
at org.testng.SuiteRunner$SuiteWorker.run(SuiteRunner.java:418)
at org.testng.internal.thread.ThreadUtil.lambda$execute$0(ThreadUtil.java:64)
at java.util.concurrent.FutureTask.run(FutureTask.java:266)
at java.util.concurrent.ThreadPoolExecutor.runWorker(ThreadPoolExecutor.java:1149)
at java.util.concurrent.ThreadPoolExecutor$Worker.run(ThreadPoolExecutor.java:624)
at java.lang.Thread.run(Thread.java:748)
]]>
            </full-stacktrace>
          </exception> <!-- org.openqa.selenium.ElementClickInterceptedException -->
          <reporter-output>
          </reporter-output>
        </test-method> <!-- LoginPage -->
        <test-method status="PASS" signature="LoginPage(java.lang.String,java.lang.String)[pri:0, instance:E2EProject.LoginTest@795509d9]" name="LoginPage" duration-ms="4408" started-at="2021-06-01T17:48:43 EDT" data-provider="loginData" finished-at="2021-06-01T17:48:48 EDT">
          <params>
            <param index="0">
              <value>
                <![CDATA[Invaliduser@gmail.com]]>
              </value>
            </param>
            <param index="1">
              <value>
                <![CDATA[InValidUserPassword]]>
              </value>
            </param>
          </params>
          <reporter-output>
          </reporter-output>
        </test-method> <!-- LoginPage -->
        <test-method status="PASS" signature="closeBrowser()[pri:0, instance:E2EProject.LoginTest@795509d9]" name="closeBrowser" is-config="true" duration-ms="78" started-at="2021-06-01T17:48:48 EDT" finished-at="2021-06-01T17:48:48 EDT">
          <reporter-output>
          </reporter-output>
        </test-method> <!-- closeBrowser -->
      </class> <!-- E2EProject.LoginTest -->
    </test> <!-- Application Login test -->
  </suite> <!-- Suite -->
</testng-results>
