<?xml version="1.0" encoding="UTF-8"?>
<testng-results ignored="0" total="1" passed="1" failed="0" skipped="0">
  <reporter-output>
  </reporter-output>
  <suite started-at="2021-06-01T22:59:35 EDT" name="Suite" finished-at="2021-06-01T22:59:49 EDT" duration-ms="13381">
    <groups>
    </groups>
    <test started-at="2021-06-01T22:59:35 EDT" name="Validate Navigation Bar" finished-at="2021-06-01T22:59:49 EDT" duration-ms="13381">
      <class name="E2EProject.ValidateNavigationBarTest">
        <test-method is-config="true" signature="intialize()[pri:0, instance:E2EProject.ValidateNavigationBarTest@1f130eaf]" started-at="2021-06-01T22:59:35 EDT" name="intialize" finished-at="2021-06-01T22:59:44 EDT" duration-ms="8882" status="PASS">
          <reporter-output>
          </reporter-output>
        </test-method> <!-- intialize -->
        <test-method signature="ValidateNavigationBar()[pri:0, instance:E2EProject.ValidateNavigationBarTest@1f130eaf]" started-at="2021-06-01T22:59:44 EDT" name="ValidateNavigationBar" finished-at="2021-06-01T22:59:47 EDT" duration-ms="2470" status="PASS">
          <reporter-output>
          </reporter-output>
        </test-method> <!-- ValidateNavigationBar -->
        <test-method is-config="true" signature="closeBrowser()[pri:0, instance:E2EProject.ValidateNavigationBarTest@1f130eaf]" started-at="2021-06-01T22:59:47 EDT" name="closeBrowser" finished-at="2021-06-01T22:59:49 EDT" duration-ms="2015" status="PASS">
          <reporter-output>
          </reporter-output>
        </test-method> <!-- closeBrowser -->
      </class> <!-- E2EProject.ValidateNavigationBarTest -->
    </test> <!-- Validate Navigation Bar -->
  </suite> <!-- Suite -->
</testng-results>
